<?xml version="1.0" encoding="UTF-8"?>
<testng-results ignored="0" total="2" passed="2" failed="0" skipped="0">
  <reporter-output>
  </reporter-output>
  <suite started-at="2023-06-08T20:50:07 IST" name="Default suite" finished-at="2023-06-08T20:50:31 IST" duration-ms="24131">
    <groups>
    </groups>
    <test started-at="2023-06-08T20:50:07 IST" name="Default test" finished-at="2023-06-08T20:50:31 IST" duration-ms="24131">
      <class name="framewok1.FullyAutomation">
        <test-method is-config="true" signature="launch()[pri:0, instance:framewok1.FullyAutomation@5d7148e2]" started-at="2023-06-08T20:50:07 IST" name="launch" finished-at="2023-06-08T20:50:15 IST" duration-ms="8533" status="PASS">
          <reporter-output>
          </reporter-output>
        </test-method> <!-- launch -->
        <test-method signature="radio()[pri:1, instance:framewok1.FullyAutomation@5d7148e2]" started-at="2023-06-08T20:50:15 IST" name="radio" finished-at="2023-06-08T20:50:15 IST" duration-ms="317" status="PASS">
          <reporter-output>
          </reporter-output>
        </test-method> <!-- radio -->
        <test-method is-config="true" signature="close()[pri:0, instance:framewok1.FullyAutomation@5d7148e2]" started-at="2023-06-08T20:50:15 IST" name="close" finished-at="2023-06-08T20:50:20 IST" duration-ms="4939" status="PASS">
          <reporter-output>
          </reporter-output>
        </test-method> <!-- close -->
        <test-method is-config="true" signature="launch()[pri:0, instance:framewok1.FullyAutomation@5d7148e2]" started-at="2023-06-08T20:50:20 IST" name="launch" finished-at="2023-06-08T20:50:26 IST" duration-ms="5222" status="PASS">
          <reporter-output>
          </reporter-output>
        </test-method> <!-- launch -->
        <test-method signature="autosuggetiondrop()[pri:2, instance:framewok1.FullyAutomation@5d7148e2]" started-at="2023-06-08T20:50:26 IST" name="autosuggetiondrop" finished-at="2023-06-08T20:50:26 IST" duration-ms="724" status="PASS">
          <reporter-output>
          </reporter-output>
        </test-method> <!-- autosuggetiondrop -->
        <test-method is-config="true" signature="close()[pri:0, instance:framewok1.FullyAutomation@5d7148e2]" started-at="2023-06-08T20:50:26 IST" name="close" finished-at="2023-06-08T20:50:31 IST" duration-ms="4344" status="PASS">
          <reporter-output>
          </reporter-output>
        </test-method> <!-- close -->
      </class> <!-- framewok1.FullyAutomation -->
    </test> <!-- Default test -->
  </suite> <!-- Default suite -->
</testng-results>
